[0.987s] DEBUG:colcon:Command line arguments: ['/usr/bin/colcon', 'list', '-p', '--base-paths', '/home/pongsakorn/Face_Mask_Detection']
[0.987s] DEBUG:colcon:Parsed command line arguments: Namespace(base_paths=['/home/pongsakorn/Face_Mask_Detection'], build_base='build', ignore_user_meta=False, log_base=None, log_level=None, main=<bound method ListVerb.main of <colcon_package_information.verb.list.ListVerb object at 0x7f3261afb6d0>>, metas=['./colcon.meta'], names_only=False, packages_above=None, packages_above_and_dependencies=None, packages_above_depth=None, packages_end=None, packages_ignore=None, packages_ignore_regex=None, packages_select=None, packages_select_build_failed=False, packages_select_by_dep=None, packages_select_regex=None, packages_select_test_failures=False, packages_skip=None, packages_skip_build_finished=False, packages_skip_by_dep=None, packages_skip_regex=None, packages_skip_test_passed=False, packages_skip_up_to=None, packages_start=None, packages_up_to=None, packages_up_to_regex=None, paths=None, paths_only=True, topological_graph=False, topological_graph_density=False, topological_graph_dot=False, topological_graph_dot_cluster=False, topological_graph_dot_include_skipped=False, topological_graph_legend=False, topological_order=False, verb_extension=<colcon_package_information.verb.list.ListVerb object at 0x7f3261afb6d0>, verb_name='list', verb_parser=<colcon_defaults.argument_parser.defaults.DefaultArgumentsDecorator object at 0x7f3261ab7d00>)
[1.125s] Level 1:colcon.colcon_core.package_discovery:discover_packages(colcon_meta) check parameters
[1.136s] Level 1:colcon.colcon_core.package_discovery:discover_packages(recursive) check parameters
[1.138s] Level 1:colcon.colcon_core.package_discovery:discover_packages(ignore) check parameters
[1.138s] Level 1:colcon.colcon_core.package_discovery:discover_packages(path) check parameters
[1.138s] Level 1:colcon.colcon_core.package_discovery:discover_packages(recursive) discover
[1.139s] INFO:colcon.colcon_core.package_discovery:Crawling recursively for packages in '/home/pongsakorn/Face_Mask_Detection'
[1.139s] Level 1:colcon.colcon_core.package_identification:_identify(/home/pongsakorn/Face_Mask_Detection) by extensions ['ignore', 'ignore_ament_install']
[1.139s] Level 1:colcon.colcon_core.package_identification:_identify(/home/pongsakorn/Face_Mask_Detection) by extension 'ignore'
[1.139s] Level 1:colcon.colcon_core.package_identification:_identify(/home/pongsakorn/Face_Mask_Detection) by extension 'ignore_ament_install'
[1.140s] Level 1:colcon.colcon_core.package_identification:_identify(/home/pongsakorn/Face_Mask_Detection) by extensions ['colcon_pkg']
[1.140s] Level 1:colcon.colcon_core.package_identification:_identify(/home/pongsakorn/Face_Mask_Detection) by extension 'colcon_pkg'
[1.148s] Level 1:colcon.colcon_core.package_identification:_identify(/home/pongsakorn/Face_Mask_Detection) by extensions ['colcon_meta']
[1.149s] Level 1:colcon.colcon_core.package_identification:_identify(/home/pongsakorn/Face_Mask_Detection) by extension 'colcon_meta'
[1.149s] Level 1:colcon.colcon_core.package_identification:_identify(/home/pongsakorn/Face_Mask_Detection) by extensions ['ros']
[1.149s] Level 1:colcon.colcon_core.package_identification:_identify(/home/pongsakorn/Face_Mask_Detection) by extension 'ros'
[1.208s] Level 1:colcon.colcon_core.package_identification:_identify(/home/pongsakorn/Face_Mask_Detection) by extensions ['cmake', 'python']
[1.208s] Level 1:colcon.colcon_core.package_identification:_identify(/home/pongsakorn/Face_Mask_Detection) by extension 'cmake'
[1.208s] Level 1:colcon.colcon_core.package_identification:_identify(/home/pongsakorn/Face_Mask_Detection) by extension 'python'
[1.209s] Level 1:colcon.colcon_core.package_identification:_identify(/home/pongsakorn/Face_Mask_Detection) by extensions ['python_setup_py']
[1.209s] Level 1:colcon.colcon_core.package_identification:_identify(/home/pongsakorn/Face_Mask_Detection) by extension 'python_setup_py'
[1.209s] Level 1:colcon.colcon_core.package_identification:_identify(/home/pongsakorn/Face_Mask_Detection/common) by extensions ['ignore', 'ignore_ament_install']
[1.210s] Level 1:colcon.colcon_core.package_identification:_identify(/home/pongsakorn/Face_Mask_Detection/common) by extension 'ignore'
[1.210s] Level 1:colcon.colcon_core.package_identification:_identify(/home/pongsakorn/Face_Mask_Detection/common) by extension 'ignore_ament_install'
[1.210s] Level 1:colcon.colcon_core.package_identification:_identify(/home/pongsakorn/Face_Mask_Detection/common) by extensions ['colcon_pkg']
[1.210s] Level 1:colcon.colcon_core.package_identification:_identify(/home/pongsakorn/Face_Mask_Detection/common) by extension 'colcon_pkg'
[1.210s] Level 1:colcon.colcon_core.package_identification:_identify(/home/pongsakorn/Face_Mask_Detection/common) by extensions ['colcon_meta']
[1.210s] Level 1:colcon.colcon_core.package_identification:_identify(/home/pongsakorn/Face_Mask_Detection/common) by extension 'colcon_meta'
[1.210s] Level 1:colcon.colcon_core.package_identification:_identify(/home/pongsakorn/Face_Mask_Detection/common) by extensions ['ros']
[1.210s] Level 1:colcon.colcon_core.package_identification:_identify(/home/pongsakorn/Face_Mask_Detection/common) by extension 'ros'
[1.211s] Level 1:colcon.colcon_core.package_identification:_identify(/home/pongsakorn/Face_Mask_Detection/common) by extensions ['cmake', 'python']
[1.211s] Level 1:colcon.colcon_core.package_identification:_identify(/home/pongsakorn/Face_Mask_Detection/common) by extension 'cmake'
[1.211s] Level 1:colcon.colcon_core.package_identification:_identify(/home/pongsakorn/Face_Mask_Detection/common) by extension 'python'
[1.211s] Level 1:colcon.colcon_core.package_identification:_identify(/home/pongsakorn/Face_Mask_Detection/common) by extensions ['python_setup_py']
[1.211s] Level 1:colcon.colcon_core.package_identification:_identify(/home/pongsakorn/Face_Mask_Detection/common) by extension 'python_setup_py'
[1.211s] Level 1:colcon.colcon_core.package_identification:_identify(/home/pongsakorn/Face_Mask_Detection/common/__pycache__) by extensions ['ignore', 'ignore_ament_install']
[1.212s] Level 1:colcon.colcon_core.package_identification:_identify(/home/pongsakorn/Face_Mask_Detection/common/__pycache__) by extension 'ignore'
[1.212s] Level 1:colcon.colcon_core.package_identification:_identify(/home/pongsakorn/Face_Mask_Detection/common/__pycache__) by extension 'ignore_ament_install'
[1.212s] Level 1:colcon.colcon_core.package_identification:_identify(/home/pongsakorn/Face_Mask_Detection/common/__pycache__) by extensions ['colcon_pkg']
[1.212s] Level 1:colcon.colcon_core.package_identification:_identify(/home/pongsakorn/Face_Mask_Detection/common/__pycache__) by extension 'colcon_pkg'
[1.212s] Level 1:colcon.colcon_core.package_identification:_identify(/home/pongsakorn/Face_Mask_Detection/common/__pycache__) by extensions ['colcon_meta']
[1.212s] Level 1:colcon.colcon_core.package_identification:_identify(/home/pongsakorn/Face_Mask_Detection/common/__pycache__) by extension 'colcon_meta'
[1.212s] Level 1:colcon.colcon_core.package_identification:_identify(/home/pongsakorn/Face_Mask_Detection/common/__pycache__) by extensions ['ros']
[1.212s] Level 1:colcon.colcon_core.package_identification:_identify(/home/pongsakorn/Face_Mask_Detection/common/__pycache__) by extension 'ros'
[1.213s] Level 1:colcon.colcon_core.package_identification:_identify(/home/pongsakorn/Face_Mask_Detection/common/__pycache__) by extensions ['cmake', 'python']
[1.213s] Level 1:colcon.colcon_core.package_identification:_identify(/home/pongsakorn/Face_Mask_Detection/common/__pycache__) by extension 'cmake'
[1.213s] Level 1:colcon.colcon_core.package_identification:_identify(/home/pongsakorn/Face_Mask_Detection/common/__pycache__) by extension 'python'
[1.213s] Level 1:colcon.colcon_core.package_identification:_identify(/home/pongsakorn/Face_Mask_Detection/common/__pycache__) by extensions ['python_setup_py']
[1.213s] Level 1:colcon.colcon_core.package_identification:_identify(/home/pongsakorn/Face_Mask_Detection/common/__pycache__) by extension 'python_setup_py'
[1.213s] Level 1:colcon.colcon_core.package_identification:_identify(/home/pongsakorn/Face_Mask_Detection/dataset) by extensions ['ignore', 'ignore_ament_install']
[1.213s] Level 1:colcon.colcon_core.package_identification:_identify(/home/pongsakorn/Face_Mask_Detection/dataset) by extension 'ignore'
[1.214s] Level 1:colcon.colcon_core.package_identification:_identify(/home/pongsakorn/Face_Mask_Detection/dataset) by extension 'ignore_ament_install'
[1.214s] Level 1:colcon.colcon_core.package_identification:_identify(/home/pongsakorn/Face_Mask_Detection/dataset) by extensions ['colcon_pkg']
[1.214s] Level 1:colcon.colcon_core.package_identification:_identify(/home/pongsakorn/Face_Mask_Detection/dataset) by extension 'colcon_pkg'
[1.214s] Level 1:colcon.colcon_core.package_identification:_identify(/home/pongsakorn/Face_Mask_Detection/dataset) by extensions ['colcon_meta']
[1.214s] Level 1:colcon.colcon_core.package_identification:_identify(/home/pongsakorn/Face_Mask_Detection/dataset) by extension 'colcon_meta'
[1.214s] Level 1:colcon.colcon_core.package_identification:_identify(/home/pongsakorn/Face_Mask_Detection/dataset) by extensions ['ros']
[1.214s] Level 1:colcon.colcon_core.package_identification:_identify(/home/pongsakorn/Face_Mask_Detection/dataset) by extension 'ros'
[1.214s] Level 1:colcon.colcon_core.package_identification:_identify(/home/pongsakorn/Face_Mask_Detection/dataset) by extensions ['cmake', 'python']
[1.215s] Level 1:colcon.colcon_core.package_identification:_identify(/home/pongsakorn/Face_Mask_Detection/dataset) by extension 'cmake'
[1.215s] Level 1:colcon.colcon_core.package_identification:_identify(/home/pongsakorn/Face_Mask_Detection/dataset) by extension 'python'
[1.215s] Level 1:colcon.colcon_core.package_identification:_identify(/home/pongsakorn/Face_Mask_Detection/dataset) by extensions ['python_setup_py']
[1.215s] Level 1:colcon.colcon_core.package_identification:_identify(/home/pongsakorn/Face_Mask_Detection/dataset) by extension 'python_setup_py'
[1.217s] Level 1:colcon.colcon_core.package_identification:_identify(/home/pongsakorn/Face_Mask_Detection/dataset/annotations) by extensions ['ignore', 'ignore_ament_install']
[1.219s] Level 1:colcon.colcon_core.package_identification:_identify(/home/pongsakorn/Face_Mask_Detection/dataset/annotations) by extension 'ignore'
[1.219s] Level 1:colcon.colcon_core.package_identification:_identify(/home/pongsakorn/Face_Mask_Detection/dataset/annotations) by extension 'ignore_ament_install'
[1.220s] Level 1:colcon.colcon_core.package_identification:_identify(/home/pongsakorn/Face_Mask_Detection/dataset/annotations) by extensions ['colcon_pkg']
[1.220s] Level 1:colcon.colcon_core.package_identification:_identify(/home/pongsakorn/Face_Mask_Detection/dataset/annotations) by extension 'colcon_pkg'
[1.220s] Level 1:colcon.colcon_core.package_identification:_identify(/home/pongsakorn/Face_Mask_Detection/dataset/annotations) by extensions ['colcon_meta']
[1.221s] Level 1:colcon.colcon_core.package_identification:_identify(/home/pongsakorn/Face_Mask_Detection/dataset/annotations) by extension 'colcon_meta'
[1.221s] Level 1:colcon.colcon_core.package_identification:_identify(/home/pongsakorn/Face_Mask_Detection/dataset/annotations) by extensions ['ros']
[1.221s] Level 1:colcon.colcon_core.package_identification:_identify(/home/pongsakorn/Face_Mask_Detection/dataset/annotations) by extension 'ros'
[1.221s] Level 1:colcon.colcon_core.package_identification:_identify(/home/pongsakorn/Face_Mask_Detection/dataset/annotations) by extensions ['cmake', 'python']
[1.221s] Level 1:colcon.colcon_core.package_identification:_identify(/home/pongsakorn/Face_Mask_Detection/dataset/annotations) by extension 'cmake'
[1.221s] Level 1:colcon.colcon_core.package_identification:_identify(/home/pongsakorn/Face_Mask_Detection/dataset/annotations) by extension 'python'
[1.221s] Level 1:colcon.colcon_core.package_identification:_identify(/home/pongsakorn/Face_Mask_Detection/dataset/annotations) by extensions ['python_setup_py']
[1.221s] Level 1:colcon.colcon_core.package_identification:_identify(/home/pongsakorn/Face_Mask_Detection/dataset/annotations) by extension 'python_setup_py'
[1.224s] Level 1:colcon.colcon_core.package_identification:_identify(/home/pongsakorn/Face_Mask_Detection/dataset/images) by extensions ['ignore', 'ignore_ament_install']
[1.224s] Level 1:colcon.colcon_core.package_identification:_identify(/home/pongsakorn/Face_Mask_Detection/dataset/images) by extension 'ignore'
[1.224s] Level 1:colcon.colcon_core.package_identification:_identify(/home/pongsakorn/Face_Mask_Detection/dataset/images) by extension 'ignore_ament_install'
[1.224s] Level 1:colcon.colcon_core.package_identification:_identify(/home/pongsakorn/Face_Mask_Detection/dataset/images) by extensions ['colcon_pkg']
[1.224s] Level 1:colcon.colcon_core.package_identification:_identify(/home/pongsakorn/Face_Mask_Detection/dataset/images) by extension 'colcon_pkg'
[1.224s] Level 1:colcon.colcon_core.package_identification:_identify(/home/pongsakorn/Face_Mask_Detection/dataset/images) by extensions ['colcon_meta']
[1.224s] Level 1:colcon.colcon_core.package_identification:_identify(/home/pongsakorn/Face_Mask_Detection/dataset/images) by extension 'colcon_meta'
[1.225s] Level 1:colcon.colcon_core.package_identification:_identify(/home/pongsakorn/Face_Mask_Detection/dataset/images) by extensions ['ros']
[1.225s] Level 1:colcon.colcon_core.package_identification:_identify(/home/pongsakorn/Face_Mask_Detection/dataset/images) by extension 'ros'
[1.225s] Level 1:colcon.colcon_core.package_identification:_identify(/home/pongsakorn/Face_Mask_Detection/dataset/images) by extensions ['cmake', 'python']
[1.225s] Level 1:colcon.colcon_core.package_identification:_identify(/home/pongsakorn/Face_Mask_Detection/dataset/images) by extension 'cmake'
[1.225s] Level 1:colcon.colcon_core.package_identification:_identify(/home/pongsakorn/Face_Mask_Detection/dataset/images) by extension 'python'
[1.225s] Level 1:colcon.colcon_core.package_identification:_identify(/home/pongsakorn/Face_Mask_Detection/dataset/images) by extensions ['python_setup_py']
[1.225s] Level 1:colcon.colcon_core.package_identification:_identify(/home/pongsakorn/Face_Mask_Detection/dataset/images) by extension 'python_setup_py'
[1.226s] Level 1:colcon.colcon_core.package_identification:_identify(/home/pongsakorn/Face_Mask_Detection/log) by extensions ['ignore', 'ignore_ament_install']
[1.227s] Level 1:colcon.colcon_core.package_identification:_identify(/home/pongsakorn/Face_Mask_Detection/log) by extension 'ignore'
[1.227s] Level 1:colcon.colcon_core.package_identification:_identify(/home/pongsakorn/Face_Mask_Detection/log) ignored
[1.228s] Level 1:colcon.colcon_core.package_identification:_identify(/home/pongsakorn/Face_Mask_Detection/output) by extensions ['ignore', 'ignore_ament_install']
[1.228s] Level 1:colcon.colcon_core.package_identification:_identify(/home/pongsakorn/Face_Mask_Detection/output) by extension 'ignore'
[1.229s] Level 1:colcon.colcon_core.package_identification:_identify(/home/pongsakorn/Face_Mask_Detection/output) by extension 'ignore_ament_install'
[1.229s] Level 1:colcon.colcon_core.package_identification:_identify(/home/pongsakorn/Face_Mask_Detection/output) by extensions ['colcon_pkg']
[1.229s] Level 1:colcon.colcon_core.package_identification:_identify(/home/pongsakorn/Face_Mask_Detection/output) by extension 'colcon_pkg'
[1.229s] Level 1:colcon.colcon_core.package_identification:_identify(/home/pongsakorn/Face_Mask_Detection/output) by extensions ['colcon_meta']
[1.229s] Level 1:colcon.colcon_core.package_identification:_identify(/home/pongsakorn/Face_Mask_Detection/output) by extension 'colcon_meta'
[1.229s] Level 1:colcon.colcon_core.package_identification:_identify(/home/pongsakorn/Face_Mask_Detection/output) by extensions ['ros']
[1.229s] Level 1:colcon.colcon_core.package_identification:_identify(/home/pongsakorn/Face_Mask_Detection/output) by extension 'ros'
[1.230s] Level 1:colcon.colcon_core.package_identification:_identify(/home/pongsakorn/Face_Mask_Detection/output) by extensions ['cmake', 'python']
[1.230s] Level 1:colcon.colcon_core.package_identification:_identify(/home/pongsakorn/Face_Mask_Detection/output) by extension 'cmake'
[1.230s] Level 1:colcon.colcon_core.package_identification:_identify(/home/pongsakorn/Face_Mask_Detection/output) by extension 'python'
[1.230s] Level 1:colcon.colcon_core.package_identification:_identify(/home/pongsakorn/Face_Mask_Detection/output) by extensions ['python_setup_py']
[1.230s] Level 1:colcon.colcon_core.package_identification:_identify(/home/pongsakorn/Face_Mask_Detection/output) by extension 'python_setup_py'
[1.230s] Level 1:colcon.colcon_core.package_identification:_identify(/home/pongsakorn/Face_Mask_Detection/output/export_saved_model) by extensions ['ignore', 'ignore_ament_install']
[1.231s] Level 1:colcon.colcon_core.package_identification:_identify(/home/pongsakorn/Face_Mask_Detection/output/export_saved_model) by extension 'ignore'
[1.231s] Level 1:colcon.colcon_core.package_identification:_identify(/home/pongsakorn/Face_Mask_Detection/output/export_saved_model) by extension 'ignore_ament_install'
[1.231s] Level 1:colcon.colcon_core.package_identification:_identify(/home/pongsakorn/Face_Mask_Detection/output/export_saved_model) by extensions ['colcon_pkg']
[1.231s] Level 1:colcon.colcon_core.package_identification:_identify(/home/pongsakorn/Face_Mask_Detection/output/export_saved_model) by extension 'colcon_pkg'
[1.231s] Level 1:colcon.colcon_core.package_identification:_identify(/home/pongsakorn/Face_Mask_Detection/output/export_saved_model) by extensions ['colcon_meta']
[1.231s] Level 1:colcon.colcon_core.package_identification:_identify(/home/pongsakorn/Face_Mask_Detection/output/export_saved_model) by extension 'colcon_meta'
[1.232s] Level 1:colcon.colcon_core.package_identification:_identify(/home/pongsakorn/Face_Mask_Detection/output/export_saved_model) by extensions ['ros']
[1.232s] Level 1:colcon.colcon_core.package_identification:_identify(/home/pongsakorn/Face_Mask_Detection/output/export_saved_model) by extension 'ros'
[1.232s] Level 1:colcon.colcon_core.package_identification:_identify(/home/pongsakorn/Face_Mask_Detection/output/export_saved_model) by extensions ['cmake', 'python']
[1.233s] Level 1:colcon.colcon_core.package_identification:_identify(/home/pongsakorn/Face_Mask_Detection/output/export_saved_model) by extension 'cmake'
[1.233s] Level 1:colcon.colcon_core.package_identification:_identify(/home/pongsakorn/Face_Mask_Detection/output/export_saved_model) by extension 'python'
[1.233s] Level 1:colcon.colcon_core.package_identification:_identify(/home/pongsakorn/Face_Mask_Detection/output/export_saved_model) by extensions ['python_setup_py']
[1.233s] Level 1:colcon.colcon_core.package_identification:_identify(/home/pongsakorn/Face_Mask_Detection/output/export_saved_model) by extension 'python_setup_py'
[1.233s] Level 1:colcon.colcon_core.package_identification:_identify(/home/pongsakorn/Face_Mask_Detection/screenshot) by extensions ['ignore', 'ignore_ament_install']
[1.234s] Level 1:colcon.colcon_core.package_identification:_identify(/home/pongsakorn/Face_Mask_Detection/screenshot) by extension 'ignore'
[1.234s] Level 1:colcon.colcon_core.package_identification:_identify(/home/pongsakorn/Face_Mask_Detection/screenshot) by extension 'ignore_ament_install'
[1.234s] Level 1:colcon.colcon_core.package_identification:_identify(/home/pongsakorn/Face_Mask_Detection/screenshot) by extensions ['colcon_pkg']
[1.234s] Level 1:colcon.colcon_core.package_identification:_identify(/home/pongsakorn/Face_Mask_Detection/screenshot) by extension 'colcon_pkg'
[1.234s] Level 1:colcon.colcon_core.package_identification:_identify(/home/pongsakorn/Face_Mask_Detection/screenshot) by extensions ['colcon_meta']
[1.234s] Level 1:colcon.colcon_core.package_identification:_identify(/home/pongsakorn/Face_Mask_Detection/screenshot) by extension 'colcon_meta'
[1.235s] Level 1:colcon.colcon_core.package_identification:_identify(/home/pongsakorn/Face_Mask_Detection/screenshot) by extensions ['ros']
[1.235s] Level 1:colcon.colcon_core.package_identification:_identify(/home/pongsakorn/Face_Mask_Detection/screenshot) by extension 'ros'
[1.235s] Level 1:colcon.colcon_core.package_identification:_identify(/home/pongsakorn/Face_Mask_Detection/screenshot) by extensions ['cmake', 'python']
[1.235s] Level 1:colcon.colcon_core.package_identification:_identify(/home/pongsakorn/Face_Mask_Detection/screenshot) by extension 'cmake'
[1.235s] Level 1:colcon.colcon_core.package_identification:_identify(/home/pongsakorn/Face_Mask_Detection/screenshot) by extension 'python'
[1.235s] Level 1:colcon.colcon_core.package_identification:_identify(/home/pongsakorn/Face_Mask_Detection/screenshot) by extensions ['python_setup_py']
[1.235s] Level 1:colcon.colcon_core.package_identification:_identify(/home/pongsakorn/Face_Mask_Detection/screenshot) by extension 'python_setup_py'
[1.236s] Level 1:colcon.colcon_core.package_discovery:discover_packages(recursive) using defaults
